# Logfile created on 2014-02-01 18:49:11 +0530 by logger.rb/36483
I, [2014-02-01T18:49:11.187600 #346]  INFO -- : 0:  rake (10.1.1) from /Library/Ruby/Gems/2.0.0/specifications/rake-10.1.1.gemspec
E, [2014-02-01T18:49:41.032543 #346] ERROR -- : Gem::RemoteFetcher::FetchError: SSL_connect returned=6 errno=0 state=SSLv3 read finished A (https://s3.amazonaws.com/production.s3.rubygems.org/gems/i18n-0.6.1.gem)
/System/Library/Frameworks/Ruby.framework/Versions/2.0/usr/lib/ruby/2.0.0/rubygems/remote_fetcher.rb:406:in `rescue in connection_for'  \n/System/Library/Frameworks/Ruby.framework/Versions/2.0/usr/lib/ruby/2.0.0/rubygems/remote_fetcher.rb:382:in `connection_for'  \n/System/Library/Frameworks/Ruby.framework/Versions/2.0/usr/lib/ruby/2.0.0/rubygems/remote_fetcher.rb:481:in `request'  \n/System/Library/Frameworks/Ruby.framework/Versions/2.0/usr/lib/ruby/2.0.0/rubygems/remote_fetcher.rb:233:in `fetch_http'  \n/System/Library/Frameworks/Ruby.framework/Versions/2.0/usr/lib/ruby/2.0.0/rubygems/remote_fetcher.rb:248:in `fetch_http'  \n/System/Library/Frameworks/Ruby.framework/Versions/2.0/usr/lib/ruby/2.0.0/rubygems/remote_fetcher.rb:268:in `fetch_path'  \n/System/Library/Frameworks/Ruby.framework/Versions/2.0/usr/lib/ruby/2.0.0/rubygems/remote_fetcher.rb:301:in `cache_update_path'  \n/System/Library/Frameworks/Ruby.framework/Versions/2.0/usr/lib/ruby/2.0.0/rubygems/remote_fetcher.rb:167:in `download'  \n/Library/Ruby/Gems/2.0.0/gems/bundler-1.5.1/lib/bundler/rubygems_integration.rb:511:in `download_gem'  \n/Library/Ruby/Gems/2.0.0/gems/bundler-1.5.1/lib/bundler/fetcher.rb:41:in `download_gem_from_uri'  \n/Library/Ruby/Gems/2.0.0/gems/bundler-1.5.1/lib/bundler/source/rubygems.rb:78:in `install'  \n/Library/Ruby/Gems/2.0.0/gems/bundler-1.5.1/lib/bundler/installer.rb:111:in `block in install_gem_from_spec'  \n/Library/Ruby/Gems/2.0.0/gems/bundler-1.5.1/lib/bundler/rubygems_integration.rb:150:in `with_build_args'  \n/Library/Ruby/Gems/2.0.0/gems/bundler-1.5.1/lib/bundler/installer.rb:110:in `install_gem_from_spec'  \n/Library/Ruby/Gems/2.0.0/gems/bundler-1.5.1/lib/bundler/installer.rb:295:in `block in install_sequentially'  \n/System/Library/Frameworks/Ruby.framework/Versions/2.0/usr/lib/ruby/2.0.0/forwardable.rb:171:in `each'  \n/System/Library/Frameworks/Ruby.framework/Versions/2.0/usr/lib/ruby/2.0.0/forwardable.rb:171:in `each'  \n/Library/Ruby/Gems/2.0.0/gems/bundler-1.5.1/lib/bundler/installer.rb:294:in `install_sequentially'  \n/Library/Ruby/Gems/2.0.0/gems/bundler-1.5.1/lib/bundler/installer.rb:97:in `run'  \n/Library/Ruby/Gems/2.0.0/gems/bundler-1.5.1/lib/bundler/installer.rb:15:in `install'  \n/Library/Ruby/Gems/2.0.0/gems/bundler-1.5.1/lib/bundler/cli.rb:257:in `install'  \n/Library/Ruby/Gems/2.0.0/gems/bundler-1.5.1/lib/bundler/vendor/thor/command.rb:27:in `run'  \n/Library/Ruby/Gems/2.0.0/gems/bundler-1.5.1/lib/bundler/vendor/thor/invocation.rb:120:in `invoke_command'  \n/Library/Ruby/Gems/2.0.0/gems/bundler-1.5.1/lib/bundler/vendor/thor.rb:363:in `dispatch'  \n/Library/Ruby/Gems/2.0.0/gems/bundler-1.5.1/lib/bundler/vendor/thor/base.rb:438:in `start'  \n/Library/Ruby/Gems/2.0.0/gems/bundler-1.5.1/lib/bundler/cli.rb:10:in `start'  \n/Library/Ruby/Gems/2.0.0/gems/bundler-1.5.1/bin/bundle:22:in `block in <top (required)>'  \n/Library/Ruby/Gems/2.0.0/gems/bundler-1.5.1/lib/bundler/friendly_errors.rb:5:in `with_friendly_errors'  \n/Library/Ruby/Gems/2.0.0/gems/bundler-1.5.1/bin/bundle:22:in `<top (required)>'  \n/usr/bin/bundle:23:in `load'  \n/usr/bin/bundle:23:in `<main>'
I, [2014-02-01T18:56:28.471539 #422]  INFO -- : 0:  rake (10.1.1) from /Library/Ruby/Gems/2.0.0/specifications/rake-10.1.1.gemspec
I, [2014-02-01T18:56:28.472057 #422]  INFO -- : 0:  i18n (0.6.1) from /Library/Ruby/Gems/2.0.0/specifications/i18n-0.6.1.gemspec
I, [2014-02-01T18:56:28.472403 #422]  INFO -- : 0:  multi_json (1.8.4) from /Library/Ruby/Gems/2.0.0/specifications/multi_json-1.8.4.gemspec
E, [2014-02-01T18:56:48.865291 #422] ERROR -- : Errno::EACCES: Permission denied - /Library/Ruby/Gems/2.0.0/build_info/activesupport-3.2.13.info
/System/Library/Frameworks/Ruby.framework/Versions/2.0/usr/lib/ruby/2.0.0/open-uri.rb:36:in `initialize'  \n/System/Library/Frameworks/Ruby.framework/Versions/2.0/usr/lib/ruby/2.0.0/open-uri.rb:36:in `open'  \n/System/Library/Frameworks/Ruby.framework/Versions/2.0/usr/lib/ruby/2.0.0/open-uri.rb:36:in `open'  \n/System/Library/Frameworks/Ruby.framework/Versions/2.0/usr/lib/ruby/2.0.0/rubygems/installer.rb:776:in `write_build_info_file'  \n/System/Library/Frameworks/Ruby.framework/Versions/2.0/usr/lib/ruby/2.0.0/rubygems/installer.rb:219:in `install'  \n/Library/Ruby/Gems/2.0.0/gems/bundler-1.5.1/lib/bundler/source/rubygems.rb:101:in `block in install'  \n/Library/Ruby/Gems/2.0.0/gems/bundler-1.5.1/lib/bundler/rubygems_integration.rb:118:in `preserve_paths'  \n/Library/Ruby/Gems/2.0.0/gems/bundler-1.5.1/lib/bundler/source/rubygems.rb:94:in `install'  \n/Library/Ruby/Gems/2.0.0/gems/bundler-1.5.1/lib/bundler/installer.rb:111:in `block in install_gem_from_spec'  \n/Library/Ruby/Gems/2.0.0/gems/bundler-1.5.1/lib/bundler/rubygems_integration.rb:150:in `with_build_args'  \n/Library/Ruby/Gems/2.0.0/gems/bundler-1.5.1/lib/bundler/installer.rb:110:in `install_gem_from_spec'  \n/Library/Ruby/Gems/2.0.0/gems/bundler-1.5.1/lib/bundler/installer.rb:295:in `block in install_sequentially'  \n/System/Library/Frameworks/Ruby.framework/Versions/2.0/usr/lib/ruby/2.0.0/forwardable.rb:171:in `each'  \n/System/Library/Frameworks/Ruby.framework/Versions/2.0/usr/lib/ruby/2.0.0/forwardable.rb:171:in `each'  \n/Library/Ruby/Gems/2.0.0/gems/bundler-1.5.1/lib/bundler/installer.rb:294:in `install_sequentially'  \n/Library/Ruby/Gems/2.0.0/gems/bundler-1.5.1/lib/bundler/installer.rb:97:in `run'  \n/Library/Ruby/Gems/2.0.0/gems/bundler-1.5.1/lib/bundler/installer.rb:15:in `install'  \n/Library/Ruby/Gems/2.0.0/gems/bundler-1.5.1/lib/bundler/cli.rb:257:in `install'  \n/Library/Ruby/Gems/2.0.0/gems/bundler-1.5.1/lib/bundler/vendor/thor/command.rb:27:in `run'  \n/Library/Ruby/Gems/2.0.0/gems/bundler-1.5.1/lib/bundler/vendor/thor/invocation.rb:120:in `invoke_command'  \n/Library/Ruby/Gems/2.0.0/gems/bundler-1.5.1/lib/bundler/vendor/thor.rb:363:in `dispatch'  \n/Library/Ruby/Gems/2.0.0/gems/bundler-1.5.1/lib/bundler/vendor/thor/base.rb:438:in `start'  \n/Library/Ruby/Gems/2.0.0/gems/bundler-1.5.1/lib/bundler/cli.rb:10:in `start'  \n/Library/Ruby/Gems/2.0.0/gems/bundler-1.5.1/bin/bundle:22:in `block in <top (required)>'  \n/Library/Ruby/Gems/2.0.0/gems/bundler-1.5.1/lib/bundler/friendly_errors.rb:5:in `with_friendly_errors'  \n/Library/Ruby/Gems/2.0.0/gems/bundler-1.5.1/bin/bundle:22:in `<top (required)>'  \n/usr/bin/bundle:23:in `load'  \n/usr/bin/bundle:23:in `<main>'
I, [2014-02-01T19:00:59.398179 #438]  INFO -- : 0:  rake (10.1.1) from /Library/Ruby/Gems/2.0.0/specifications/rake-10.1.1.gemspec
I, [2014-02-01T19:00:59.398866 #438]  INFO -- : 0:  i18n (0.6.1) from /Library/Ruby/Gems/2.0.0/specifications/i18n-0.6.1.gemspec
I, [2014-02-01T19:00:59.399215 #438]  INFO -- : 0:  multi_json (1.8.4) from /Library/Ruby/Gems/2.0.0/specifications/multi_json-1.8.4.gemspec
I, [2014-02-01T19:00:59.688538 #438]  INFO -- : 0:  activesupport (3.2.13) from /Library/Ruby/Gems/2.0.0/specifications/activesupport-3.2.13.gemspec
I, [2014-02-01T19:01:14.188564 #438]  INFO -- : 0:  builder (3.0.4) from /Library/Ruby/Gems/2.0.0/specifications/builder-3.0.4.gemspec
I, [2014-02-01T19:01:28.541282 #438]  INFO -- : 0:  activemodel (3.2.13) from /Library/Ruby/Gems/2.0.0/specifications/activemodel-3.2.13.gemspec
I, [2014-02-01T19:01:28.541761 #438]  INFO -- : 0:  erubis (2.7.0) from /Library/Ruby/Gems/2.0.0/specifications/erubis-2.7.0.gemspec
I, [2014-02-01T19:01:43.912992 #438]  INFO -- : 0:  journey (1.0.4) from /Library/Ruby/Gems/2.0.0/specifications/journey-1.0.4.gemspec
I, [2014-02-01T19:02:02.803851 #438]  INFO -- : 0:  rack (1.4.5) from /Library/Ruby/Gems/2.0.0/specifications/rack-1.4.5.gemspec
I, [2014-02-01T19:02:19.723728 #438]  INFO -- : 0:  rack-cache (1.2) from /Library/Ruby/Gems/2.0.0/specifications/rack-cache-1.2.gemspec
I, [2014-02-01T19:02:19.724228 #438]  INFO -- : 0:  rack-test (0.6.2) from /Library/Ruby/Gems/2.0.0/specifications/rack-test-0.6.2.gemspec
I, [2014-02-01T19:02:19.725030 #438]  INFO -- : 0:  hike (1.2.3) from /Library/Ruby/Gems/2.0.0/specifications/hike-1.2.3.gemspec
I, [2014-02-01T19:02:19.725368 #438]  INFO -- : 0:  tilt (1.4.1) from /Library/Ruby/Gems/2.0.0/specifications/tilt-1.4.1.gemspec
I, [2014-02-01T19:02:33.944679 #438]  INFO -- : 0:  sprockets (2.2.2) from /Library/Ruby/Gems/2.0.0/specifications/sprockets-2.2.2.gemspec
I, [2014-02-01T19:02:52.336954 #438]  INFO -- : 0:  actionpack (3.2.13) from /Library/Ruby/Gems/2.0.0/specifications/actionpack-3.2.13.gemspec
I, [2014-02-01T19:02:52.337458 #438]  INFO -- : 0:  mime-types (1.25.1) from /Library/Ruby/Gems/2.0.0/specifications/mime-types-1.25.1.gemspec
I, [2014-02-01T19:02:52.337802 #438]  INFO -- : 0:  polyglot (0.3.3) from /Library/Ruby/Gems/2.0.0/specifications/polyglot-0.3.3.gemspec
I, [2014-02-01T19:02:52.338143 #438]  INFO -- : 0:  treetop (1.4.15) from /Library/Ruby/Gems/2.0.0/specifications/treetop-1.4.15.gemspec
I, [2014-02-01T19:02:52.338488 #438]  INFO -- : 0:  mail (2.5.4) from /Library/Ruby/Gems/2.0.0/specifications/mail-2.5.4.gemspec
I, [2014-02-01T19:03:08.897045 #438]  INFO -- : 0:  actionmailer (3.2.13) from /Library/Ruby/Gems/2.0.0/specifications/actionmailer-3.2.13.gemspec
I, [2014-02-01T19:03:25.311734 #438]  INFO -- : 0:  arel (3.0.3) from /Library/Ruby/Gems/2.0.0/specifications/arel-3.0.3.gemspec
I, [2014-02-01T19:03:25.312256 #438]  INFO -- : 0:  tzinfo (0.3.38) from /Library/Ruby/Gems/2.0.0/specifications/tzinfo-0.3.38.gemspec
I, [2014-02-01T19:03:43.680791 #438]  INFO -- : 0:  activerecord (3.2.13) from /Library/Ruby/Gems/2.0.0/specifications/activerecord-3.2.13.gemspec
I, [2014-02-01T19:04:00.532426 #438]  INFO -- : 0:  activeresource (3.2.13) from /Library/Ruby/Gems/2.0.0/specifications/activeresource-3.2.13.gemspec
I, [2014-02-01T19:04:00.532946 #438]  INFO -- : 0:  coffee-script-source (1.7.0) from /Library/Ruby/Gems/2.0.0/specifications/coffee-script-source-1.7.0.gemspec
I, [2014-02-01T19:04:00.533297 #438]  INFO -- : 0:  execjs (2.0.2) from /Library/Ruby/Gems/2.0.0/specifications/execjs-2.0.2.gemspec
I, [2014-02-01T19:04:00.533638 #438]  INFO -- : 0:  coffee-script (2.2.0) from /Library/Ruby/Gems/2.0.0/specifications/coffee-script-2.2.0.gemspec
I, [2014-02-01T19:04:15.254266 #438]  INFO -- : 0:  rack-ssl (1.3.3) from /Library/Ruby/Gems/2.0.0/specifications/rack-ssl-1.3.3.gemspec
I, [2014-02-01T19:04:15.254654 #438]  INFO -- : 0:  json (1.8.1) from /Library/Ruby/Gems/2.0.0/specifications/json-1.8.1.gemspec
I, [2014-02-01T19:04:35.798813 #438]  INFO -- : 0:  rdoc (3.12.2) from /Library/Ruby/Gems/2.0.0/specifications/rdoc-3.12.2.gemspec
I, [2014-02-01T19:04:35.800563 #438]  INFO -- : 0:  thor (0.18.1) from /Library/Ruby/Gems/2.0.0/specifications/thor-0.18.1.gemspec
I, [2014-02-01T19:05:03.112024 #438]  INFO -- : 0:  railties (3.2.13) from /Library/Ruby/Gems/2.0.0/specifications/railties-3.2.13.gemspec
I, [2014-02-01T19:05:17.309113 #438]  INFO -- : 0:  coffee-rails (3.2.2) from /Library/Ruby/Gems/2.0.0/specifications/coffee-rails-3.2.2.gemspec
I, [2014-02-01T19:05:17.309619 #438]  INFO -- : 0:  jquery-rails (3.1.0) from /Library/Ruby/Gems/2.0.0/specifications/jquery-rails-3.1.0.gemspec
I, [2014-02-01T19:05:17.309932 #438]  INFO -- : 0:  bundler (1.5.1) from /Library/Ruby/Gems/2.0.0/specifications/bundler-1.5.1.gemspec
I, [2014-02-01T19:05:31.409376 #438]  INFO -- : 0:  rails (3.2.13) from /Library/Ruby/Gems/2.0.0/specifications/rails-3.2.13.gemspec
I, [2014-02-01T19:05:31.409942 #438]  INFO -- : 0:  sass (3.2.14) from /Library/Ruby/Gems/2.0.0/specifications/sass-3.2.14.gemspec
I, [2014-02-01T19:05:46.664604 #438]  INFO -- : 0:  sass-rails (3.2.6) from /Library/Ruby/Gems/2.0.0/specifications/sass-rails-3.2.6.gemspec
I, [2014-02-01T19:05:46.665077 #438]  INFO -- : 0:  sqlite3 (1.3.8) from /Library/Ruby/Gems/2.0.0/specifications/sqlite3-1.3.8.gemspec
I, [2014-02-01T19:05:46.665401 #438]  INFO -- : 0:  uglifier (2.4.0) from /Library/Ruby/Gems/2.0.0/specifications/uglifier-2.4.0.gemspec
I, [2014-02-03T22:00:24.388521 #2342]  INFO -- : 0:  rake (10.1.1) from /Library/Ruby/Gems/2.0.0/specifications/rake-10.1.1.gemspec
I, [2014-02-03T22:00:24.460500 #2342]  INFO -- : 0:  i18n (0.6.1) from /Library/Ruby/Gems/2.0.0/specifications/i18n-0.6.1.gemspec
I, [2014-02-03T22:00:24.461377 #2342]  INFO -- : 0:  multi_json (1.8.4) from /Library/Ruby/Gems/2.0.0/specifications/multi_json-1.8.4.gemspec
I, [2014-02-03T22:00:24.461727 #2342]  INFO -- : 0:  activesupport (3.2.13) from /Library/Ruby/Gems/2.0.0/specifications/activesupport-3.2.13.gemspec
I, [2014-02-03T22:00:24.462157 #2342]  INFO -- : 0:  builder (3.0.4) from /Library/Ruby/Gems/2.0.0/specifications/builder-3.0.4.gemspec
I, [2014-02-03T22:00:24.462613 #2342]  INFO -- : 0:  activemodel (3.2.13) from /Library/Ruby/Gems/2.0.0/specifications/activemodel-3.2.13.gemspec
I, [2014-02-03T22:00:24.462962 #2342]  INFO -- : 0:  erubis (2.7.0) from /Library/Ruby/Gems/2.0.0/specifications/erubis-2.7.0.gemspec
I, [2014-02-03T22:00:24.463308 #2342]  INFO -- : 0:  journey (1.0.4) from /Library/Ruby/Gems/2.0.0/specifications/journey-1.0.4.gemspec
I, [2014-02-03T22:00:24.463641 #2342]  INFO -- : 0:  rack (1.4.5) from /Library/Ruby/Gems/2.0.0/specifications/rack-1.4.5.gemspec
I, [2014-02-03T22:00:24.463973 #2342]  INFO -- : 0:  rack-cache (1.2) from /Library/Ruby/Gems/2.0.0/specifications/rack-cache-1.2.gemspec
I, [2014-02-03T22:00:24.464315 #2342]  INFO -- : 0:  rack-test (0.6.2) from /Library/Ruby/Gems/2.0.0/specifications/rack-test-0.6.2.gemspec
I, [2014-02-03T22:00:24.464724 #2342]  INFO -- : 0:  hike (1.2.3) from /Library/Ruby/Gems/2.0.0/specifications/hike-1.2.3.gemspec
I, [2014-02-03T22:00:24.465063 #2342]  INFO -- : 0:  tilt (1.4.1) from /Library/Ruby/Gems/2.0.0/specifications/tilt-1.4.1.gemspec
I, [2014-02-03T22:00:24.465411 #2342]  INFO -- : 0:  sprockets (2.2.2) from /Library/Ruby/Gems/2.0.0/specifications/sprockets-2.2.2.gemspec
I, [2014-02-03T22:00:24.465750 #2342]  INFO -- : 0:  actionpack (3.2.13) from /Library/Ruby/Gems/2.0.0/specifications/actionpack-3.2.13.gemspec
I, [2014-02-03T22:00:24.466084 #2342]  INFO -- : 0:  mime-types (1.25.1) from /Library/Ruby/Gems/2.0.0/specifications/mime-types-1.25.1.gemspec
I, [2014-02-03T22:00:24.467327 #2342]  INFO -- : 0:  polyglot (0.3.3) from /Library/Ruby/Gems/2.0.0/specifications/polyglot-0.3.3.gemspec
I, [2014-02-03T22:00:24.467700 #2342]  INFO -- : 0:  treetop (1.4.15) from /Library/Ruby/Gems/2.0.0/specifications/treetop-1.4.15.gemspec
I, [2014-02-03T22:00:24.468041 #2342]  INFO -- : 0:  mail (2.5.4) from /Library/Ruby/Gems/2.0.0/specifications/mail-2.5.4.gemspec
I, [2014-02-03T22:00:24.468391 #2342]  INFO -- : 0:  actionmailer (3.2.13) from /Library/Ruby/Gems/2.0.0/specifications/actionmailer-3.2.13.gemspec
I, [2014-02-03T22:00:24.468728 #2342]  INFO -- : 0:  arel (3.0.3) from /Library/Ruby/Gems/2.0.0/specifications/arel-3.0.3.gemspec
I, [2014-02-03T22:00:24.469071 #2342]  INFO -- : 0:  tzinfo (0.3.38) from /Library/Ruby/Gems/2.0.0/specifications/tzinfo-0.3.38.gemspec
I, [2014-02-03T22:00:24.469407 #2342]  INFO -- : 0:  activerecord (3.2.13) from /Library/Ruby/Gems/2.0.0/specifications/activerecord-3.2.13.gemspec
I, [2014-02-03T22:00:24.469741 #2342]  INFO -- : 0:  activeresource (3.2.13) from /Library/Ruby/Gems/2.0.0/specifications/activeresource-3.2.13.gemspec
I, [2014-02-03T22:00:24.470053 #2342]  INFO -- : 0:  bundler (1.5.1) from /Library/Ruby/Gems/2.0.0/specifications/bundler-1.5.1.gemspec
I, [2014-02-03T22:00:24.470384 #2342]  INFO -- : 0:  rack-ssl (1.3.3) from /Library/Ruby/Gems/2.0.0/specifications/rack-ssl-1.3.3.gemspec
I, [2014-02-03T22:00:24.470754 #2342]  INFO -- : 0:  json (1.8.1) from /Library/Ruby/Gems/2.0.0/specifications/json-1.8.1.gemspec
I, [2014-02-03T22:00:24.471121 #2342]  INFO -- : 0:  rdoc (3.12.2) from /Library/Ruby/Gems/2.0.0/specifications/rdoc-3.12.2.gemspec
I, [2014-02-03T22:00:24.471460 #2342]  INFO -- : 0:  thor (0.18.1) from /Library/Ruby/Gems/2.0.0/specifications/thor-0.18.1.gemspec
I, [2014-02-03T22:00:24.471808 #2342]  INFO -- : 0:  railties (3.2.13) from /Library/Ruby/Gems/2.0.0/specifications/railties-3.2.13.gemspec
I, [2014-02-03T22:00:24.472172 #2342]  INFO -- : 0:  rails (3.2.13) from /Library/Ruby/Gems/2.0.0/specifications/rails-3.2.13.gemspec
E, [2014-02-03T22:00:51.405396 #2342] ERROR -- : Errno::EACCES: Permission denied - /Library/Ruby/Gems/2.0.0/build_info/awesome_nested_fields-0.6.4.info
/System/Library/Frameworks/Ruby.framework/Versions/2.0/usr/lib/ruby/2.0.0/open-uri.rb:36:in `initialize'  \n/System/Library/Frameworks/Ruby.framework/Versions/2.0/usr/lib/ruby/2.0.0/open-uri.rb:36:in `open'  \n/System/Library/Frameworks/Ruby.framework/Versions/2.0/usr/lib/ruby/2.0.0/open-uri.rb:36:in `open'  \n/System/Library/Frameworks/Ruby.framework/Versions/2.0/usr/lib/ruby/2.0.0/rubygems/installer.rb:776:in `write_build_info_file'  \n/System/Library/Frameworks/Ruby.framework/Versions/2.0/usr/lib/ruby/2.0.0/rubygems/installer.rb:219:in `install'  \n/Library/Ruby/Gems/2.0.0/gems/bundler-1.5.1/lib/bundler/source/rubygems.rb:101:in `block in install'  \n/Library/Ruby/Gems/2.0.0/gems/bundler-1.5.1/lib/bundler/rubygems_integration.rb:118:in `preserve_paths'  \n/Library/Ruby/Gems/2.0.0/gems/bundler-1.5.1/lib/bundler/source/rubygems.rb:94:in `install'  \n/Library/Ruby/Gems/2.0.0/gems/bundler-1.5.1/lib/bundler/installer.rb:111:in `block in install_gem_from_spec'  \n/Library/Ruby/Gems/2.0.0/gems/bundler-1.5.1/lib/bundler/rubygems_integration.rb:150:in `with_build_args'  \n/Library/Ruby/Gems/2.0.0/gems/bundler-1.5.1/lib/bundler/installer.rb:110:in `install_gem_from_spec'  \n/Library/Ruby/Gems/2.0.0/gems/bundler-1.5.1/lib/bundler/installer.rb:295:in `block in install_sequentially'  \n/System/Library/Frameworks/Ruby.framework/Versions/2.0/usr/lib/ruby/2.0.0/forwardable.rb:171:in `each'  \n/System/Library/Frameworks/Ruby.framework/Versions/2.0/usr/lib/ruby/2.0.0/forwardable.rb:171:in `each'  \n/Library/Ruby/Gems/2.0.0/gems/bundler-1.5.1/lib/bundler/installer.rb:294:in `install_sequentially'  \n/Library/Ruby/Gems/2.0.0/gems/bundler-1.5.1/lib/bundler/installer.rb:97:in `run'  \n/Library/Ruby/Gems/2.0.0/gems/bundler-1.5.1/lib/bundler/installer.rb:15:in `install'  \n/Library/Ruby/Gems/2.0.0/gems/bundler-1.5.1/lib/bundler/cli.rb:257:in `install'  \n/Library/Ruby/Gems/2.0.0/gems/bundler-1.5.1/lib/bundler/vendor/thor/command.rb:27:in `run'  \n/Library/Ruby/Gems/2.0.0/gems/bundler-1.5.1/lib/bundler/vendor/thor/invocation.rb:120:in `invoke_command'  \n/Library/Ruby/Gems/2.0.0/gems/bundler-1.5.1/lib/bundler/vendor/thor.rb:363:in `dispatch'  \n/Library/Ruby/Gems/2.0.0/gems/bundler-1.5.1/lib/bundler/vendor/thor/base.rb:438:in `start'  \n/Library/Ruby/Gems/2.0.0/gems/bundler-1.5.1/lib/bundler/cli.rb:10:in `start'  \n/Library/Ruby/Gems/2.0.0/gems/bundler-1.5.1/bin/bundle:22:in `block in <top (required)>'  \n/Library/Ruby/Gems/2.0.0/gems/bundler-1.5.1/lib/bundler/friendly_errors.rb:5:in `with_friendly_errors'  \n/Library/Ruby/Gems/2.0.0/gems/bundler-1.5.1/bin/bundle:22:in `<top (required)>'  \n/usr/bin/bundle:23:in `load'  \n/usr/bin/bundle:23:in `<main>'
I, [2014-02-03T22:05:29.555589 #2360]  INFO -- : 0:  rake (10.1.1) from /Library/Ruby/Gems/2.0.0/specifications/rake-10.1.1.gemspec
I, [2014-02-03T22:05:29.608097 #2360]  INFO -- : 0:  i18n (0.6.1) from /Library/Ruby/Gems/2.0.0/specifications/i18n-0.6.1.gemspec
I, [2014-02-03T22:05:29.608517 #2360]  INFO -- : 0:  multi_json (1.8.4) from /Library/Ruby/Gems/2.0.0/specifications/multi_json-1.8.4.gemspec
I, [2014-02-03T22:05:29.608858 #2360]  INFO -- : 0:  activesupport (3.2.13) from /Library/Ruby/Gems/2.0.0/specifications/activesupport-3.2.13.gemspec
I, [2014-02-03T22:05:29.609396 #2360]  INFO -- : 0:  builder (3.0.4) from /Library/Ruby/Gems/2.0.0/specifications/builder-3.0.4.gemspec
I, [2014-02-03T22:05:29.610303 #2360]  INFO -- : 0:  activemodel (3.2.13) from /Library/Ruby/Gems/2.0.0/specifications/activemodel-3.2.13.gemspec
I, [2014-02-03T22:05:29.611089 #2360]  INFO -- : 0:  erubis (2.7.0) from /Library/Ruby/Gems/2.0.0/specifications/erubis-2.7.0.gemspec
I, [2014-02-03T22:05:29.614775 #2360]  INFO -- : 0:  journey (1.0.4) from /Library/Ruby/Gems/2.0.0/specifications/journey-1.0.4.gemspec
I, [2014-02-03T22:05:29.615894 #2360]  INFO -- : 0:  rack (1.4.5) from /Library/Ruby/Gems/2.0.0/specifications/rack-1.4.5.gemspec
I, [2014-02-03T22:05:29.631728 #2360]  INFO -- : 0:  rack-cache (1.2) from /Library/Ruby/Gems/2.0.0/specifications/rack-cache-1.2.gemspec
I, [2014-02-03T22:05:29.632264 #2360]  INFO -- : 0:  rack-test (0.6.2) from /Library/Ruby/Gems/2.0.0/specifications/rack-test-0.6.2.gemspec
I, [2014-02-03T22:05:29.632909 #2360]  INFO -- : 0:  hike (1.2.3) from /Library/Ruby/Gems/2.0.0/specifications/hike-1.2.3.gemspec
I, [2014-02-03T22:05:29.633372 #2360]  INFO -- : 0:  tilt (1.4.1) from /Library/Ruby/Gems/2.0.0/specifications/tilt-1.4.1.gemspec
I, [2014-02-03T22:05:29.636240 #2360]  INFO -- : 0:  sprockets (2.2.2) from /Library/Ruby/Gems/2.0.0/specifications/sprockets-2.2.2.gemspec
I, [2014-02-03T22:05:29.637248 #2360]  INFO -- : 0:  actionpack (3.2.13) from /Library/Ruby/Gems/2.0.0/specifications/actionpack-3.2.13.gemspec
I, [2014-02-03T22:05:29.637628 #2360]  INFO -- : 0:  mime-types (1.25.1) from /Library/Ruby/Gems/2.0.0/specifications/mime-types-1.25.1.gemspec
I, [2014-02-03T22:05:29.638042 #2360]  INFO -- : 0:  polyglot (0.3.3) from /Library/Ruby/Gems/2.0.0/specifications/polyglot-0.3.3.gemspec
I, [2014-02-03T22:05:29.649505 #2360]  INFO -- : 0:  treetop (1.4.15) from /Library/Ruby/Gems/2.0.0/specifications/treetop-1.4.15.gemspec
I, [2014-02-03T22:05:29.650074 #2360]  INFO -- : 0:  mail (2.5.4) from /Library/Ruby/Gems/2.0.0/specifications/mail-2.5.4.gemspec
I, [2014-02-03T22:05:29.650558 #2360]  INFO -- : 0:  actionmailer (3.2.13) from /Library/Ruby/Gems/2.0.0/specifications/actionmailer-3.2.13.gemspec
I, [2014-02-03T22:05:29.650888 #2360]  INFO -- : 0:  arel (3.0.3) from /Library/Ruby/Gems/2.0.0/specifications/arel-3.0.3.gemspec
I, [2014-02-03T22:05:29.654080 #2360]  INFO -- : 0:  tzinfo (0.3.38) from /Library/Ruby/Gems/2.0.0/specifications/tzinfo-0.3.38.gemspec
I, [2014-02-03T22:05:29.654495 #2360]  INFO -- : 0:  activerecord (3.2.13) from /Library/Ruby/Gems/2.0.0/specifications/activerecord-3.2.13.gemspec
I, [2014-02-03T22:05:29.654866 #2360]  INFO -- : 0:  activeresource (3.2.13) from /Library/Ruby/Gems/2.0.0/specifications/activeresource-3.2.13.gemspec
I, [2014-02-03T22:05:29.655378 #2360]  INFO -- : 0:  bundler (1.5.1) from /Library/Ruby/Gems/2.0.0/specifications/bundler-1.5.1.gemspec
I, [2014-02-03T22:05:29.656390 #2360]  INFO -- : 0:  rack-ssl (1.3.3) from /Library/Ruby/Gems/2.0.0/specifications/rack-ssl-1.3.3.gemspec
I, [2014-02-03T22:05:29.656755 #2360]  INFO -- : 0:  json (1.8.1) from /Library/Ruby/Gems/2.0.0/specifications/json-1.8.1.gemspec
I, [2014-02-03T22:05:29.657349 #2360]  INFO -- : 0:  rdoc (3.12.2) from /Library/Ruby/Gems/2.0.0/specifications/rdoc-3.12.2.gemspec
I, [2014-02-03T22:05:29.657788 #2360]  INFO -- : 0:  thor (0.18.1) from /Library/Ruby/Gems/2.0.0/specifications/thor-0.18.1.gemspec
I, [2014-02-03T22:05:29.658228 #2360]  INFO -- : 0:  railties (3.2.13) from /Library/Ruby/Gems/2.0.0/specifications/railties-3.2.13.gemspec
I, [2014-02-03T22:05:29.658665 #2360]  INFO -- : 0:  rails (3.2.13) from /Library/Ruby/Gems/2.0.0/specifications/rails-3.2.13.gemspec
I, [2014-02-03T22:05:29.779379 #2360]  INFO -- : 0:  awesome_nested_fields (0.6.4) from /Library/Ruby/Gems/2.0.0/specifications/awesome_nested_fields-0.6.4.gemspec
I, [2014-02-03T22:05:29.780494 #2360]  INFO -- : 0:  coffee-script-source (1.7.0) from /Library/Ruby/Gems/2.0.0/specifications/coffee-script-source-1.7.0.gemspec
I, [2014-02-03T22:05:29.781117 #2360]  INFO -- : 0:  execjs (2.0.2) from /Library/Ruby/Gems/2.0.0/specifications/execjs-2.0.2.gemspec
I, [2014-02-03T22:05:29.781549 #2360]  INFO -- : 0:  coffee-script (2.2.0) from /Library/Ruby/Gems/2.0.0/specifications/coffee-script-2.2.0.gemspec
I, [2014-02-03T22:05:29.781979 #2360]  INFO -- : 0:  coffee-rails (3.2.2) from /Library/Ruby/Gems/2.0.0/specifications/coffee-rails-3.2.2.gemspec
I, [2014-02-03T22:05:29.782740 #2360]  INFO -- : 0:  jquery-rails (3.1.0) from /Library/Ruby/Gems/2.0.0/specifications/jquery-rails-3.1.0.gemspec
I, [2014-02-03T22:05:29.783314 #2360]  INFO -- : 0:  sass (3.2.14) from /Library/Ruby/Gems/2.0.0/specifications/sass-3.2.14.gemspec
I, [2014-02-03T22:05:29.793062 #2360]  INFO -- : 0:  sass-rails (3.2.6) from /Library/Ruby/Gems/2.0.0/specifications/sass-rails-3.2.6.gemspec
I, [2014-02-03T22:05:29.793789 #2360]  INFO -- : 0:  sqlite3 (1.3.8) from /Library/Ruby/Gems/2.0.0/specifications/sqlite3-1.3.8.gemspec
I, [2014-02-03T22:05:29.794130 #2360]  INFO -- : 0:  uglifier (2.4.0) from /Library/Ruby/Gems/2.0.0/specifications/uglifier-2.4.0.gemspec
